<?xml version="1.0" encoding="UTF-8"?><testsuite errors="1" failures="0" name="Login" skipped="0" tests="1" time="8.85" timestamp="2025-01-30 03:52:31"><testcase name="login success"><error message="Mensaje de preubas para el manejo de una excepción - &#10;Expected: is &quot;nramos a&quot;&#10;     but: was &quot;nramos $ 0&quot;" type="java.lang.AssertionError">Mensaje de preubas para el manejo de una excepción - 
Expected: is "nramos a"
     but: was "nramos $ 0"</error><system-err>Mensaje de preubas para el manejo de una excepción - 
Expected: is "nramos a"
     but: was "nramos $ 0"&#13;
stepsdefinitions.LoginStepsDefinitions.theUserCanSeeHisName(LoginStepsDefinitions.java:49)&#13;
✽.The user can see his name(src/test/resources/features/login.feature:8)&#13;
</system-err></testcase></testsuite>